Using pre-set license
Built from '2020.2/staging' branch; Version is '2020.2.5f1 (e2c53f129de5) revision 14861631'; Using compiler version '192528614'; Build Type 'Release'
OS: 'Windows 10 Home; OS build 19042.1165; Version 2009; 64bit' Language: 'ja' Physical Memory: 32669 MB
BatchMode: 1, IsHumanControllingUs: 0, StartBugReporterOnCrash: 0, Is64bit: 1, IsPro: 0

 COMMAND LINE ARGUMENTS:
C:\Program Files\Unity\Hub\Editor\2020.2.5f1\Editor\Unity.exe
-adb2
-batchMode
-noUpm
-name
AssetImportWorker0
-projectPath
C:/Users/ryuta/デスクトップ/kametrosaisin
-logFile
Logs/AssetImportWorker0.log
-srvPort
56229
Successfully changed project path to: C:/Users/ryuta/デスクトップ/kametrosaisin
C:/Users/ryuta/デスクトップ/kametrosaisin
Using Asset Import Pipeline V2.
Refreshing native plugins compatible for Editor in 30.89 ms, found 2 plugins.
Preloading 0 native plugins for Editor in 0.00 ms.
Initialize engine version: 2020.2.5f1 (e2c53f129de5)
[Subsystems] Discovering subsystems at path C:/Program Files/Unity/Hub/Editor/2020.2.5f1/Editor/Data/Resources/UnitySubsystems
[Subsystems] Discovering subsystems at path C:/Users/ryuta/デスクトップ/kametrosaisin/Assets
GfxDevice: creating device client; threaded=0
Direct3D:
    Version:  Direct3D 11.0 [level 11.1]
    Renderer: NVIDIA GeForce RTX 2060 SUPER (ID=0x1f06)
    Vendor:   
    VRAM:     8031 MB
    Driver:   27.21.14.6627
Initialize mono
Mono path[0] = 'C:/Program Files/Unity/Hub/Editor/2020.2.5f1/Editor/Data/Managed'
Mono path[1] = 'C:/Program Files/Unity/Hub/Editor/2020.2.5f1/Editor/Data/MonoBleedingEdge/lib/mono/unityjit'
Mono config path = 'C:/Program Files/Unity/Hub/Editor/2020.2.5f1/Editor/Data/MonoBleedingEdge/etc'
Using monoOptions --debugger-agent=transport=dt_socket,embedding=1,server=y,suspend=n,address=127.0.0.1:56280
Begin MonoManager ReloadAssembly
Registering precompiled unity dll's ...
Register platform support module: C:/Program Files/Unity/Hub/Editor/2020.2.5f1/Editor/Data/PlaybackEngines/WindowsStandaloneSupport/UnityEditor.WindowsStandalone.Extensions.dll
Registered in 0.001885 seconds.
Native extension for WindowsStandalone target not found
Refreshing native plugins compatible for Editor in 29.79 ms, found 2 plugins.
Preloading 0 native plugins for Editor in 0.00 ms.
Invoked RoslynAnalysisRunner static constructor.
RoslynAnalysisRunner will not be running.
RoslynAnalysisRunner has terminated.
Mono: successfully reloaded assembly
- Completed reload, in  0.771 seconds
Platform modules already initialized, skipping
Registering precompiled user dll's ...
Registered in 0.002590 seconds.
Begin MonoManager ReloadAssembly
Native extension for WindowsStandalone target not found
Refreshing native plugins compatible for Editor in 28.78 ms, found 2 plugins.
Preloading 0 native plugins for Editor in 0.00 ms.
Invoked RoslynAnalysisRunner static constructor.
RoslynAnalysisRunner will not be running.
RoslynAnalysisRunner has terminated.
Mono: successfully reloaded assembly
- Completed reload, in  0.727 seconds
Platform modules already initialized, skipping
========================================================================
Worker process is ready to serve import requests
Launched and connected shader compiler UnityShaderCompiler.exe after 0.04 seconds
Refreshing native plugins compatible for Editor in 0.35 ms, found 2 plugins.
Preloading 0 native plugins for Editor in 0.00 ms.
Unloading 2033 Unused Serialized files (Serialized files now loaded: 0)
System memory in use before: 92.0 MB.
System memory in use after: 92.0 MB.

Unloading 23 unused Assets to reduce memory usage. Loaded Objects now: 2478.
Total: 1.796700 ms (FindLiveObjects: 0.230200 ms CreateObjectMapping: 0.083200 ms MarkObjects: 1.430900 ms  DeleteObjects: 0.051300 ms)

========================================================================
Received Import Request.
  path: Assets/Scripts/Simizu/Menu/GameUi/Life.cs
  artifactKey: Guid(27ba5020752eb0a4d9d1e9e68a674815) Importer(815301076,1909f56bfc062723c751e8b465ee728b)
Start importing Assets/Scripts/Simizu/Menu/GameUi/Life.cs using Guid(27ba5020752eb0a4d9d1e9e68a674815) Importer(815301076,1909f56bfc062723c751e8b465ee728b)  -> (artifact id: '0cbdd756d4c406680aa76c6ce8c7b723') in 0.031962 seconds
  Import took 0.034473 seconds .

========================================================================
Received Prepare
Registering precompiled user dll's ...
Registered in 0.002352 seconds.
Begin MonoManager ReloadAssembly
Native extension for WindowsStandalone target not found
Refreshing native plugins compatible for Editor in 0.35 ms, found 2 plugins.
Preloading 0 native plugins for Editor in 0.00 ms.
Invoked RoslynAnalysisRunner static constructor.
RoslynAnalysisRunner will not be running.
RoslynAnalysisRunner has terminated.
Mono: successfully reloaded assembly
- Completed reload, in  0.642 seconds
Platform modules already initialized, skipping
Refreshing native plugins compatible for Editor in 0.34 ms, found 2 plugins.
Preloading 0 native plugins for Editor in 0.00 ms.
Unloading 2021 Unused Serialized files (Serialized files now loaded: 0)
System memory in use before: 91.4 MB.
System memory in use after: 91.5 MB.

Unloading 11 unused Assets to reduce memory usage. Loaded Objects now: 2481.
Total: 1.484700 ms (FindLiveObjects: 0.161200 ms CreateObjectMapping: 0.067600 ms MarkObjects: 1.245100 ms  DeleteObjects: 0.010200 ms)

========================================================================
Received Import Request.
  Time since last request: 417.827256 seconds.
  path: Assets/Resources/Prefabs/UI/gameUI/Fade.prefab
  artifactKey: Guid(037736b6f18bf7346a7307db8ddb109c) Importer(815301076,1909f56bfc062723c751e8b465ee728b)
Start importing Assets/Resources/Prefabs/UI/gameUI/Fade.prefab using Guid(037736b6f18bf7346a7307db8ddb109c) Importer(815301076,1909f56bfc062723c751e8b465ee728b)  -> (artifact id: '3d48f38a0f517a36a0944aa3ca6a36ac') in 0.028267 seconds
  Import took 0.030826 seconds .

========================================================================
Received Import Request.
  Time since last request: 0.000126 seconds.
  path: Assets/Resources/Prefabs/UI/gameUI/GetDisplay.prefab
  artifactKey: Guid(52abba453e56f224e9113ea406b44ad3) Importer(815301076,1909f56bfc062723c751e8b465ee728b)
Start importing Assets/Resources/Prefabs/UI/gameUI/GetDisplay.prefab using Guid(52abba453e56f224e9113ea406b44ad3) Importer(815301076,1909f56bfc062723c751e8b465ee728b)  -> (artifact id: '1d9c67ab7de8c52e2b3686f98feae9ea') in 0.008719 seconds
  Import took 0.010946 seconds .

========================================================================
Received Import Request.
  Time since last request: 0.000123 seconds.
  path: Assets/Resources/Prefabs/UI/gameUI/LifeGaugeHarf.prefab
  artifactKey: Guid(72f37932bed65be43811ec4aaca262a7) Importer(815301076,1909f56bfc062723c751e8b465ee728b)
Start importing Assets/Resources/Prefabs/UI/gameUI/LifeGaugeHarf.prefab using Guid(72f37932bed65be43811ec4aaca262a7) Importer(815301076,1909f56bfc062723c751e8b465ee728b)  -> (artifact id: 'df1752f3b5ffc4b51ca400bcc9d54fd6') in 0.004945 seconds
  Import took 0.007205 seconds .

========================================================================
Received Import Request.
  Time since last request: 0.000167 seconds.
  path: Assets/Resources/Prefabs/UI/gameUI/Fade.prefab
  artifactKey: Guid(037736b6f18bf7346a7307db8ddb109c) Importer(815301076,1909f56bfc062723c751e8b465ee728b)
Start importing Assets/Resources/Prefabs/UI/gameUI/Fade.prefab using Guid(037736b6f18bf7346a7307db8ddb109c) Importer(815301076,1909f56bfc062723c751e8b465ee728b)  -> (artifact id: '3d48f38a0f517a36a0944aa3ca6a36ac') in 0.004673 seconds
  Import took 0.006856 seconds .

========================================================================
Received Import Request.
  Time since last request: 0.000126 seconds.
  path: Assets/Resources/Prefabs/UI/gameUI/GetDisplay.prefab
  artifactKey: Guid(52abba453e56f224e9113ea406b44ad3) Importer(815301076,1909f56bfc062723c751e8b465ee728b)
Start importing Assets/Resources/Prefabs/UI/gameUI/GetDisplay.prefab using Guid(52abba453e56f224e9113ea406b44ad3) Importer(815301076,1909f56bfc062723c751e8b465ee728b)  -> (artifact id: '1d9c67ab7de8c52e2b3686f98feae9ea') in 0.005196 seconds
  Import took 0.008086 seconds .

========================================================================
Received Import Request.
  Time since last request: 0.000153 seconds.
  path: Assets/Resources/Prefabs/UI/gameUI/LifeGauge.prefab
  artifactKey: Guid(04852eb8b56a69e4fbdf9d2db27e5bf7) Importer(815301076,1909f56bfc062723c751e8b465ee728b)
Start importing Assets/Resources/Prefabs/UI/gameUI/LifeGauge.prefab using Guid(04852eb8b56a69e4fbdf9d2db27e5bf7) Importer(815301076,1909f56bfc062723c751e8b465ee728b)  -> (artifact id: 'c07c08c680ab62c513190e4cb609078f') in 0.004826 seconds
  Import took 0.007164 seconds .

========================================================================
Received Import Request.
  Time since last request: 0.000121 seconds.
  path: Assets/Resources/Prefabs/UI/gameUI/GetDisplay2.prefab
  artifactKey: Guid(1deb4a85fd5738846a0ddab247347f86) Importer(815301076,1909f56bfc062723c751e8b465ee728b)
Start importing Assets/Resources/Prefabs/UI/gameUI/GetDisplay2.prefab using Guid(1deb4a85fd5738846a0ddab247347f86) Importer(815301076,1909f56bfc062723c751e8b465ee728b)  -> (artifact id: 'fc08f194c972c7765d990fbc51503955') in 0.004757 seconds
  Import took 0.007076 seconds .

========================================================================
Received Import Request.
  Time since last request: 0.000132 seconds.
  path: Assets/Resources/Prefabs/UI/gameUI/GetDisplay3.prefab
  artifactKey: Guid(e095a9c5660a2f04f9a48610e528d390) Importer(815301076,1909f56bfc062723c751e8b465ee728b)
Start importing Assets/Resources/Prefabs/UI/gameUI/GetDisplay3.prefab using Guid(e095a9c5660a2f04f9a48610e528d390) Importer(815301076,1909f56bfc062723c751e8b465ee728b)  -> (artifact id: '8cddc02e044b5cdadf18acbe97c6497e') in 0.004819 seconds
  Import took 0.007022 seconds .

========================================================================
Received Import Request.
  Time since last request: 0.006672 seconds.
  path: Assets/Resources/Prefabs/UI/gameUI/GetDisplay3.prefab
  artifactKey: Guid(e095a9c5660a2f04f9a48610e528d390) Importer(815301076,1909f56bfc062723c751e8b465ee728b)
Start importing Assets/Resources/Prefabs/UI/gameUI/GetDisplay3.prefab using Guid(e095a9c5660a2f04f9a48610e528d390) Importer(815301076,1909f56bfc062723c751e8b465ee728b)  -> (artifact id: '8cddc02e044b5cdadf18acbe97c6497e') in 0.004610 seconds
  Import took 0.006966 seconds .

========================================================================
Received Prepare
Registering precompiled user dll's ...
Registered in 0.002771 seconds.
Begin MonoManager ReloadAssembly
Native extension for WindowsStandalone target not found
Refreshing native plugins compatible for Editor in 0.34 ms, found 2 plugins.
Preloading 0 native plugins for Editor in 0.00 ms.
Invoked RoslynAnalysisRunner static constructor.
RoslynAnalysisRunner will not be running.
RoslynAnalysisRunner has terminated.
Mono: successfully reloaded assembly
- Completed reload, in  0.634 seconds
Platform modules already initialized, skipping
Refreshing native plugins compatible for Editor in 0.35 ms, found 2 plugins.
Preloading 0 native plugins for Editor in 0.00 ms.
Unloading 2021 Unused Serialized files (Serialized files now loaded: 0)
System memory in use before: 91.5 MB.
System memory in use after: 91.7 MB.

Unloading 11 unused Assets to reduce memory usage. Loaded Objects now: 2486.
Total: 1.488700 ms (FindLiveObjects: 0.174800 ms CreateObjectMapping: 0.069900 ms MarkObjects: 1.232400 ms  DeleteObjects: 0.010800 ms)

========================================================================
Received Prepare
Registering precompiled user dll's ...
Registered in 0.002727 seconds.
Begin MonoManager ReloadAssembly
Native extension for WindowsStandalone target not found
Refreshing native plugins compatible for Editor in 0.39 ms, found 2 plugins.
Preloading 0 native plugins for Editor in 0.00 ms.
Invoked RoslynAnalysisRunner static constructor.
RoslynAnalysisRunner will not be running.
RoslynAnalysisRunner has terminated.
Mono: successfully reloaded assembly
- Completed reload, in  0.638 seconds
Platform modules already initialized, skipping
Refreshing native plugins compatible for Editor in 0.39 ms, found 2 plugins.
Preloading 0 native plugins for Editor in 0.00 ms.
Unloading 2021 Unused Serialized files (Serialized files now loaded: 0)
System memory in use before: 91.6 MB.
System memory in use after: 91.7 MB.

Unloading 11 unused Assets to reduce memory usage. Loaded Objects now: 2489.
Total: 1.767500 ms (FindLiveObjects: 0.226600 ms CreateObjectMapping: 0.072300 ms MarkObjects: 1.456200 ms  DeleteObjects: 0.011500 ms)

========================================================================
Received Prepare
Registering precompiled user dll's ...
Registered in 0.002218 seconds.
Begin MonoManager ReloadAssembly
Native extension for WindowsStandalone target not found
Refreshing native plugins compatible for Editor in 0.34 ms, found 2 plugins.
Preloading 0 native plugins for Editor in 0.00 ms.
Invoked RoslynAnalysisRunner static constructor.
RoslynAnalysisRunner will not be running.
RoslynAnalysisRunner has terminated.
Mono: successfully reloaded assembly
- Completed reload, in  0.631 seconds
Platform modules already initialized, skipping
Refreshing native plugins compatible for Editor in 0.33 ms, found 2 plugins.
Preloading 0 native plugins for Editor in 0.00 ms.
Unloading 2021 Unused Serialized files (Serialized files now loaded: 0)
System memory in use before: 91.6 MB.
System memory in use after: 91.7 MB.

Unloading 11 unused Assets to reduce memory usage. Loaded Objects now: 2492.
Total: 1.552900 ms (FindLiveObjects: 0.150200 ms CreateObjectMapping: 0.059100 ms MarkObjects: 1.331900 ms  DeleteObjects: 0.010800 ms)

========================================================================
Received Prepare
Registering precompiled user dll's ...
Registered in 0.002598 seconds.
Begin MonoManager ReloadAssembly
Native extension for WindowsStandalone target not found
Refreshing native plugins compatible for Editor in 0.36 ms, found 2 plugins.
Preloading 0 native plugins for Editor in 0.00 ms.
Invoked RoslynAnalysisRunner static constructor.
RoslynAnalysisRunner will not be running.
RoslynAnalysisRunner has terminated.
Mono: successfully reloaded assembly
- Completed reload, in  0.643 seconds
Platform modules already initialized, skipping
Refreshing native plugins compatible for Editor in 0.36 ms, found 2 plugins.
Preloading 0 native plugins for Editor in 0.00 ms.
Unloading 2021 Unused Serialized files (Serialized files now loaded: 0)
System memory in use before: 91.6 MB.
System memory in use after: 91.7 MB.

Unloading 11 unused Assets to reduce memory usage. Loaded Objects now: 2495.
Total: 1.743300 ms (FindLiveObjects: 0.196200 ms CreateObjectMapping: 0.075800 ms MarkObjects: 1.459400 ms  DeleteObjects: 0.011200 ms)

========================================================================
Received Prepare
Registering precompiled user dll's ...
Registered in 0.002244 seconds.
Begin MonoManager ReloadAssembly
Native extension for WindowsStandalone target not found
Refreshing native plugins compatible for Editor in 0.36 ms, found 2 plugins.
Preloading 0 native plugins for Editor in 0.00 ms.
Invoked RoslynAnalysisRunner static constructor.
RoslynAnalysisRunner will not be running.
RoslynAnalysisRunner has terminated.
Mono: successfully reloaded assembly
- Completed reload, in  0.645 seconds
Platform modules already initialized, skipping
Refreshing native plugins compatible for Editor in 0.35 ms, found 2 plugins.
Preloading 0 native plugins for Editor in 0.00 ms.
Unloading 2021 Unused Serialized files (Serialized files now loaded: 0)
System memory in use before: 91.6 MB.
System memory in use after: 91.7 MB.

Unloading 11 unused Assets to reduce memory usage. Loaded Objects now: 2498.
Total: 1.597200 ms (FindLiveObjects: 0.162000 ms CreateObjectMapping: 0.062400 ms MarkObjects: 1.360200 ms  DeleteObjects: 0.011900 ms)

========================================================================
Received Prepare
Registering precompiled user dll's ...
Registered in 0.002148 seconds.
Begin MonoManager ReloadAssembly
Native extension for WindowsStandalone target not found
Refreshing native plugins compatible for Editor in 0.35 ms, found 2 plugins.
Preloading 0 native plugins for Editor in 0.00 ms.
Invoked RoslynAnalysisRunner static constructor.
RoslynAnalysisRunner will not be running.
RoslynAnalysisRunner has terminated.
Mono: successfully reloaded assembly
- Completed reload, in  0.631 seconds
Platform modules already initialized, skipping
Refreshing native plugins compatible for Editor in 0.34 ms, found 2 plugins.
Preloading 0 native plugins for Editor in 0.00 ms.
Unloading 2021 Unused Serialized files (Serialized files now loaded: 0)
System memory in use before: 91.6 MB.
System memory in use after: 91.7 MB.

Unloading 11 unused Assets to reduce memory usage. Loaded Objects now: 2501.
Total: 1.511700 ms (FindLiveObjects: 0.167700 ms CreateObjectMapping: 0.069100 ms MarkObjects: 1.263100 ms  DeleteObjects: 0.010900 ms)

========================================================================
Received Import Request.
  Time since last request: 256.494023 seconds.
  path: Assets/Resources/Textures/Canvas.prefab
  artifactKey: Guid(586a96f40caf33f49be9e41628920294) Importer(815301076,1909f56bfc062723c751e8b465ee728b)
Start importing Assets/Resources/Textures/Canvas.prefab using Guid(586a96f40caf33f49be9e41628920294) Importer(815301076,1909f56bfc062723c751e8b465ee728b)  -> (artifact id: '45f4905b6195ca7a09725e834465d9dc') in 0.035311 seconds
  Import took 0.038486 seconds .

========================================================================
Received Import Request.
  Time since last request: 2.869406 seconds.
  path: Assets/Scenes/NewScenes/result.unity
  artifactKey: Guid(92531efea96cf334098453974b4b14f5) Importer(815301076,1909f56bfc062723c751e8b465ee728b)
Start importing Assets/Scenes/NewScenes/result.unity using Guid(92531efea96cf334098453974b4b14f5) Importer(815301076,1909f56bfc062723c751e8b465ee728b)  -> (artifact id: '04c63950bf4a2b80150249b619b54cde') in 0.003699 seconds
  Import took 0.006175 seconds .

========================================================================
Received Import Request.
  Time since last request: 0.596921 seconds.
  path: Assets/Scenes/NewScenes/Safe Zone.unity
  artifactKey: Guid(112fdcfd996aaf545a019acab67efae2) Importer(815301076,1909f56bfc062723c751e8b465ee728b)
Start importing Assets/Scenes/NewScenes/Safe Zone.unity using Guid(112fdcfd996aaf545a019acab67efae2) Importer(815301076,1909f56bfc062723c751e8b465ee728b)  -> (artifact id: '0791f50050f2fdf0438c0c0610ab3324') in 0.007095 seconds
  Import took 0.009518 seconds .

========================================================================
Received Prepare
Registering precompiled user dll's ...
Registered in 0.002408 seconds.
Begin MonoManager ReloadAssembly
Native extension for WindowsStandalone target not found
Refreshing native plugins compatible for Editor in 0.36 ms, found 2 plugins.
Preloading 0 native plugins for Editor in 0.00 ms.
Invoked RoslynAnalysisRunner static constructor.
RoslynAnalysisRunner will not be running.
RoslynAnalysisRunner has terminated.
Mono: successfully reloaded assembly
- Completed reload, in  0.647 seconds
Platform modules already initialized, skipping
Refreshing native plugins compatible for Editor in 0.35 ms, found 2 plugins.
Preloading 0 native plugins for Editor in 0.00 ms.
Unloading 2021 Unused Serialized files (Serialized files now loaded: 0)
System memory in use before: 91.7 MB.
System memory in use after: 91.8 MB.

Unloading 11 unused Assets to reduce memory usage. Loaded Objects now: 2504.
Total: 1.655000 ms (FindLiveObjects: 0.174200 ms CreateObjectMapping: 0.061400 ms MarkObjects: 1.406700 ms  DeleteObjects: 0.012100 ms)

========================================================================
Received Import Request.
  Time since last request: 66.508048 seconds.
  path: Assets/Scenes/NewScenes/first half.unity
  artifactKey: Guid(2cda990e2423bbf4892e6590ba056729) Importer(815301076,1909f56bfc062723c751e8b465ee728b)
Start importing Assets/Scenes/NewScenes/first half.unity using Guid(2cda990e2423bbf4892e6590ba056729) Importer(815301076,1909f56bfc062723c751e8b465ee728b)  -> (artifact id: '20088430800f66b2c3d7b6b855972bb3') in 0.014654 seconds
  Import took 0.017143 seconds .

========================================================================
Received Prepare
Registering precompiled user dll's ...
Registered in 0.002617 seconds.
Begin MonoManager ReloadAssembly
Native extension for WindowsStandalone target not found
Refreshing native plugins compatible for Editor in 0.35 ms, found 2 plugins.
Preloading 0 native plugins for Editor in 0.00 ms.
Invoked RoslynAnalysisRunner static constructor.
RoslynAnalysisRunner will not be running.
RoslynAnalysisRunner has terminated.
Mono: successfully reloaded assembly
- Completed reload, in  0.637 seconds
Platform modules already initialized, skipping
Refreshing native plugins compatible for Editor in 0.36 ms, found 2 plugins.
Preloading 0 native plugins for Editor in 0.00 ms.
Unloading 2021 Unused Serialized files (Serialized files now loaded: 0)
System memory in use before: 91.7 MB.
System memory in use after: 91.8 MB.

Unloading 11 unused Assets to reduce memory usage. Loaded Objects now: 2507.
Total: 2.006500 ms (FindLiveObjects: 0.285100 ms CreateObjectMapping: 0.113000 ms MarkObjects: 1.575600 ms  DeleteObjects: 0.032000 ms)

========================================================================
Received Prepare
Registering precompiled user dll's ...
Registered in 0.002223 seconds.
Begin MonoManager ReloadAssembly
Native extension for WindowsStandalone target not found
Refreshing native plugins compatible for Editor in 0.38 ms, found 2 plugins.
Preloading 0 native plugins for Editor in 0.00 ms.
Invoked RoslynAnalysisRunner static constructor.
RoslynAnalysisRunner will not be running.
RoslynAnalysisRunner has terminated.
Mono: successfully reloaded assembly
- Completed reload, in  0.633 seconds
Platform modules already initialized, skipping
Refreshing native plugins compatible for Editor in 0.35 ms, found 2 plugins.
Preloading 0 native plugins for Editor in 0.00 ms.
Unloading 2021 Unused Serialized files (Serialized files now loaded: 0)
System memory in use before: 91.7 MB.
System memory in use after: 91.8 MB.

Unloading 11 unused Assets to reduce memory usage. Loaded Objects now: 2510.
Total: 1.495100 ms (FindLiveObjects: 0.167900 ms CreateObjectMapping: 0.070000 ms MarkObjects: 1.246300 ms  DeleteObjects: 0.010100 ms)

========================================================================
Received Prepare
Registering precompiled user dll's ...
Registered in 0.002271 seconds.
Begin MonoManager ReloadAssembly
Native extension for WindowsStandalone target not found
Refreshing native plugins compatible for Editor in 0.35 ms, found 2 plugins.
Preloading 0 native plugins for Editor in 0.00 ms.
Invoked RoslynAnalysisRunner static constructor.
RoslynAnalysisRunner will not be running.
RoslynAnalysisRunner has terminated.
Mono: successfully reloaded assembly
- Completed reload, in  0.639 seconds
Platform modules already initialized, skipping
Refreshing native plugins compatible for Editor in 0.35 ms, found 2 plugins.
Preloading 0 native plugins for Editor in 0.00 ms.
Unloading 2021 Unused Serialized files (Serialized files now loaded: 0)
System memory in use before: 91.7 MB.
System memory in use after: 91.8 MB.

Unloading 11 unused Assets to reduce memory usage. Loaded Objects now: 2513.
Total: 1.386700 ms (FindLiveObjects: 0.156700 ms CreateObjectMapping: 0.058100 ms MarkObjects: 1.160600 ms  DeleteObjects: 0.010600 ms)

========================================================================
Received Prepare
Registering precompiled user dll's ...
Registered in 0.002201 seconds.
Begin MonoManager ReloadAssembly
Native extension for WindowsStandalone target not found
Refreshing native plugins compatible for Editor in 0.37 ms, found 2 plugins.
Preloading 0 native plugins for Editor in 0.00 ms.
Invoked RoslynAnalysisRunner static constructor.
RoslynAnalysisRunner will not be running.
RoslynAnalysisRunner has terminated.
Mono: successfully reloaded assembly
- Completed reload, in  0.636 seconds
Platform modules already initialized, skipping
Refreshing native plugins compatible for Editor in 0.35 ms, found 2 plugins.
Preloading 0 native plugins for Editor in 0.00 ms.
Unloading 2021 Unused Serialized files (Serialized files now loaded: 0)
System memory in use before: 91.7 MB.
System memory in use after: 91.8 MB.

Unloading 11 unused Assets to reduce memory usage. Loaded Objects now: 2516.
Total: 1.523400 ms (FindLiveObjects: 0.211900 ms CreateObjectMapping: 0.082000 ms MarkObjects: 1.217800 ms  DeleteObjects: 0.011000 ms)

========================================================================
Received Prepare
Registering precompiled user dll's ...
Registered in 0.002087 seconds.
Begin MonoManager ReloadAssembly
Native extension for WindowsStandalone target not found
Refreshing native plugins compatible for Editor in 0.38 ms, found 2 plugins.
Preloading 0 native plugins for Editor in 0.00 ms.
Invoked RoslynAnalysisRunner static constructor.
RoslynAnalysisRunner will not be running.
RoslynAnalysisRunner has terminated.
Mono: successfully reloaded assembly
- Completed reload, in  0.638 seconds
Platform modules already initialized, skipping
Refreshing native plugins compatible for Editor in 0.33 ms, found 2 plugins.
Preloading 0 native plugins for Editor in 0.00 ms.
Unloading 2021 Unused Serialized files (Serialized files now loaded: 0)
System memory in use before: 91.7 MB.
System memory in use after: 91.8 MB.

Unloading 11 unused Assets to reduce memory usage. Loaded Objects now: 2519.
Total: 1.445500 ms (FindLiveObjects: 0.174300 ms CreateObjectMapping: 0.066100 ms MarkObjects: 1.192100 ms  DeleteObjects: 0.012400 ms)

========================================================================
Received Prepare
Registering precompiled user dll's ...
Registered in 0.002352 seconds.
Begin MonoManager ReloadAssembly
Native extension for WindowsStandalone target not found
Refreshing native plugins compatible for Editor in 0.40 ms, found 2 plugins.
Preloading 0 native plugins for Editor in 0.00 ms.
Invoked RoslynAnalysisRunner static constructor.
RoslynAnalysisRunner will not be running.
RoslynAnalysisRunner has terminated.
Mono: successfully reloaded assembly
- Completed reload, in  0.638 seconds
Platform modules already initialized, skipping
Refreshing native plugins compatible for Editor in 0.36 ms, found 2 plugins.
Preloading 0 native plugins for Editor in 0.00 ms.
Unloading 2021 Unused Serialized files (Serialized files now loaded: 0)
System memory in use before: 91.7 MB.
System memory in use after: 91.8 MB.

Unloading 11 unused Assets to reduce memory usage. Loaded Objects now: 2522.
Total: 1.874300 ms (FindLiveObjects: 0.276800 ms CreateObjectMapping: 0.118600 ms MarkObjects: 1.466800 ms  DeleteObjects: 0.011000 ms)

========================================================================
Received Prepare
Registering precompiled user dll's ...
Registered in 0.002106 seconds.
Begin MonoManager ReloadAssembly
Native extension for WindowsStandalone target not found
Refreshing native plugins compatible for Editor in 0.35 ms, found 2 plugins.
Preloading 0 native plugins for Editor in 0.00 ms.
Invoked RoslynAnalysisRunner static constructor.
RoslynAnalysisRunner will not be running.
RoslynAnalysisRunner has terminated.
Mono: successfully reloaded assembly
- Completed reload, in  0.632 seconds
Platform modules already initialized, skipping
Refreshing native plugins compatible for Editor in 0.35 ms, found 2 plugins.
Preloading 0 native plugins for Editor in 0.00 ms.
Unloading 2021 Unused Serialized files (Serialized files now loaded: 0)
System memory in use before: 91.7 MB.
System memory in use after: 91.8 MB.

Unloading 11 unused Assets to reduce memory usage. Loaded Objects now: 2525.
Total: 1.446200 ms (FindLiveObjects: 0.166200 ms CreateObjectMapping: 0.061900 ms MarkObjects: 1.206300 ms  DeleteObjects: 0.011000 ms)

========================================================================
Received Prepare
Registering precompiled user dll's ...
Registered in 0.002668 seconds.
Begin MonoManager ReloadAssembly
Native extension for WindowsStandalone target not found
Refreshing native plugins compatible for Editor in 0.36 ms, found 2 plugins.
Preloading 0 native plugins for Editor in 0.00 ms.
Invoked RoslynAnalysisRunner static constructor.
RoslynAnalysisRunner will not be running.
RoslynAnalysisRunner has terminated.
Mono: successfully reloaded assembly
- Completed reload, in  0.638 seconds
Platform modules already initialized, skipping
Refreshing native plugins compatible for Editor in 0.35 ms, found 2 plugins.
Preloading 0 native plugins for Editor in 0.00 ms.
Unloading 2021 Unused Serialized files (Serialized files now loaded: 0)
System memory in use before: 91.7 MB.
System memory in use after: 91.8 MB.

Unloading 11 unused Assets to reduce memory usage. Loaded Objects now: 2528.
Total: 1.452300 ms (FindLiveObjects: 0.174100 ms CreateObjectMapping: 0.072600 ms MarkObjects: 1.195200 ms  DeleteObjects: 0.009800 ms)

AssetImportWorkerClient::OnTransportError - code=2 error=End of file
