Using pre-set license
Built from '2020.2/staging' branch; Version is '2020.2.5f1 (e2c53f129de5) revision 14861631'; Using compiler version '192528614'; Build Type 'Release'
OS: 'Windows 10 Home; OS build 19042.1165; Version 2009; 64bit' Language: 'ja' Physical Memory: 32669 MB
BatchMode: 1, IsHumanControllingUs: 0, StartBugReporterOnCrash: 0, Is64bit: 1, IsPro: 0

 COMMAND LINE ARGUMENTS:
C:\Program Files\Unity\Hub\Editor\2020.2.5f1\Editor\Unity.exe
-adb2
-batchMode
-noUpm
-name
AssetImportWorker0
-projectPath
C:/Users/ryuta/デスクトップ/kametrosaisin
-logFile
Logs/AssetImportWorker0.log
-srvPort
62165
Successfully changed project path to: C:/Users/ryuta/デスクトップ/kametrosaisin
C:/Users/ryuta/デスクトップ/kametrosaisin
Using Asset Import Pipeline V2.
Refreshing native plugins compatible for Editor in 33.69 ms, found 2 plugins.
Preloading 0 native plugins for Editor in 0.00 ms.
Initialize engine version: 2020.2.5f1 (e2c53f129de5)
[Subsystems] Discovering subsystems at path C:/Program Files/Unity/Hub/Editor/2020.2.5f1/Editor/Data/Resources/UnitySubsystems
[Subsystems] Discovering subsystems at path C:/Users/ryuta/デスクトップ/kametrosaisin/Assets
GfxDevice: creating device client; threaded=0
Direct3D:
    Version:  Direct3D 11.0 [level 11.1]
    Renderer: NVIDIA GeForce RTX 2060 SUPER (ID=0x1f06)
    Vendor:   
    VRAM:     8031 MB
    Driver:   27.21.14.6627
Initialize mono
Mono path[0] = 'C:/Program Files/Unity/Hub/Editor/2020.2.5f1/Editor/Data/Managed'
Mono path[1] = 'C:/Program Files/Unity/Hub/Editor/2020.2.5f1/Editor/Data/MonoBleedingEdge/lib/mono/unityjit'
Mono config path = 'C:/Program Files/Unity/Hub/Editor/2020.2.5f1/Editor/Data/MonoBleedingEdge/etc'
Using monoOptions --debugger-agent=transport=dt_socket,embedding=1,server=y,suspend=n,address=127.0.0.1:56372
Begin MonoManager ReloadAssembly
Registering precompiled unity dll's ...
Register platform support module: C:/Program Files/Unity/Hub/Editor/2020.2.5f1/Editor/Data/PlaybackEngines/WindowsStandaloneSupport/UnityEditor.WindowsStandalone.Extensions.dll
Registered in 0.001709 seconds.
Native extension for WindowsStandalone target not found
Refreshing native plugins compatible for Editor in 30.02 ms, found 2 plugins.
Preloading 0 native plugins for Editor in 0.00 ms.
Invoked RoslynAnalysisRunner static constructor.
RoslynAnalysisRunner will not be running.
RoslynAnalysisRunner has terminated.
Mono: successfully reloaded assembly
- Completed reload, in  0.803 seconds
Platform modules already initialized, skipping
Registering precompiled user dll's ...
Registered in 0.002309 seconds.
Begin MonoManager ReloadAssembly
Native extension for WindowsStandalone target not found
Refreshing native plugins compatible for Editor in 29.93 ms, found 2 plugins.
Preloading 0 native plugins for Editor in 0.00 ms.
Invoked RoslynAnalysisRunner static constructor.
RoslynAnalysisRunner will not be running.
RoslynAnalysisRunner has terminated.
Mono: successfully reloaded assembly
- Completed reload, in  0.722 seconds
Platform modules already initialized, skipping
========================================================================
Worker process is ready to serve import requests
Launched and connected shader compiler UnityShaderCompiler.exe after 0.04 seconds
Refreshing native plugins compatible for Editor in 0.51 ms, found 2 plugins.
Preloading 0 native plugins for Editor in 0.00 ms.
Unloading 2032 Unused Serialized files (Serialized files now loaded: 0)
System memory in use before: 91.9 MB.
System memory in use after: 92.0 MB.

Unloading 23 unused Assets to reduce memory usage. Loaded Objects now: 2477.
Total: 1.525500 ms (FindLiveObjects: 0.185900 ms CreateObjectMapping: 0.074100 ms MarkObjects: 1.216400 ms  DeleteObjects: 0.048400 ms)

========================================================================
Received Import Request.
  path: Assets/Scripts/Simizu/Menu/Result/ResultHitper.cs
  artifactKey: Guid(7a4cfe1eb8b3db74d9be27a1bc9f89ff) Importer(815301076,1909f56bfc062723c751e8b465ee728b)
Start importing Assets/Scripts/Simizu/Menu/Result/ResultHitper.cs using Guid(7a4cfe1eb8b3db74d9be27a1bc9f89ff) Importer(815301076,1909f56bfc062723c751e8b465ee728b)  -> (artifact id: '2bce0c87eff54e7b887ee41db1161275') in 0.025730 seconds
  Import took 0.028170 seconds .

========================================================================
Received Import Request.
  Time since last request: 131.602562 seconds.
  path: Assets/Scripts/Simizu/Menu/Result/ResultHitper.cs
  artifactKey: Guid(7a4cfe1eb8b3db74d9be27a1bc9f89ff) Importer(815301076,1909f56bfc062723c751e8b465ee728b)
Start importing Assets/Scripts/Simizu/Menu/Result/ResultHitper.cs using Guid(7a4cfe1eb8b3db74d9be27a1bc9f89ff) Importer(815301076,1909f56bfc062723c751e8b465ee728b)  -> (artifact id: '4c4185db91f75b343cf459d523ed925d') in 0.002844 seconds
  Import took 0.005935 seconds .

========================================================================
Received Import Request.
  Time since last request: 0.001052 seconds.
  path: Assets/Scripts/Simizu/Menu/Result/ResultHitper.cs
  artifactKey: Guid(7a4cfe1eb8b3db74d9be27a1bc9f89ff) Importer(815301076,1909f56bfc062723c751e8b465ee728b)
Start importing Assets/Scripts/Simizu/Menu/Result/ResultHitper.cs using Guid(7a4cfe1eb8b3db74d9be27a1bc9f89ff) Importer(815301076,1909f56bfc062723c751e8b465ee728b)  -> (artifact id: '4c4185db91f75b343cf459d523ed925d') in 0.002554 seconds
  Import took 0.004921 seconds .

========================================================================
Received Prepare
Registering precompiled user dll's ...
Registered in 0.002891 seconds.
Begin MonoManager ReloadAssembly
Native extension for WindowsStandalone target not found
Refreshing native plugins compatible for Editor in 0.35 ms, found 2 plugins.
Preloading 0 native plugins for Editor in 0.00 ms.
Invoked RoslynAnalysisRunner static constructor.
RoslynAnalysisRunner will not be running.
RoslynAnalysisRunner has terminated.
Mono: successfully reloaded assembly
- Completed reload, in  0.654 seconds
Platform modules already initialized, skipping
Refreshing native plugins compatible for Editor in 0.34 ms, found 2 plugins.
Preloading 0 native plugins for Editor in 0.00 ms.
Unloading 2020 Unused Serialized files (Serialized files now loaded: 0)
System memory in use before: 91.4 MB.
System memory in use after: 91.5 MB.

Unloading 11 unused Assets to reduce memory usage. Loaded Objects now: 2480.
Total: 1.501900 ms (FindLiveObjects: 0.178500 ms CreateObjectMapping: 0.077200 ms MarkObjects: 1.234600 ms  DeleteObjects: 0.010900 ms)

========================================================================
Received Import Request.
  Time since last request: 9.388702 seconds.
  path: Assets/Scripts/Simizu/Menu/Result/ResultCont.cs
  artifactKey: Guid(d565793fd2669904eb7cd741a9ae608a) Importer(815301076,1909f56bfc062723c751e8b465ee728b)
Start importing Assets/Scripts/Simizu/Menu/Result/ResultCont.cs using Guid(d565793fd2669904eb7cd741a9ae608a) Importer(815301076,1909f56bfc062723c751e8b465ee728b)  -> (artifact id: '9b1ae872010bb520c8a985954d16809d') in 0.005932 seconds
  Import took 0.008760 seconds .

========================================================================
Received Import Request.
  Time since last request: 7.010657 seconds.
  path: Assets/Scripts/Simizu/Menu/Result/ResultTime.cs
  artifactKey: Guid(1cd01c4b916247245b2f788ec491cf4e) Importer(815301076,1909f56bfc062723c751e8b465ee728b)
Start importing Assets/Scripts/Simizu/Menu/Result/ResultTime.cs using Guid(1cd01c4b916247245b2f788ec491cf4e) Importer(815301076,1909f56bfc062723c751e8b465ee728b)  -> (artifact id: '22ef3af29250b247ac6ba2ecda227244') in 0.003810 seconds
  Import took 0.006237 seconds .

========================================================================
Received Import Request.
  Time since last request: 0.000957 seconds.
  path: Assets/Scripts/Simizu/Menu/Result/ResultTime.cs
  artifactKey: Guid(1cd01c4b916247245b2f788ec491cf4e) Importer(815301076,1909f56bfc062723c751e8b465ee728b)
Start importing Assets/Scripts/Simizu/Menu/Result/ResultTime.cs using Guid(1cd01c4b916247245b2f788ec491cf4e) Importer(815301076,1909f56bfc062723c751e8b465ee728b)  -> (artifact id: '22ef3af29250b247ac6ba2ecda227244') in 0.002795 seconds
  Import took 0.004980 seconds .

========================================================================
Received Import Request.
  Time since last request: 20.740341 seconds.
  path: Assets/Scripts/Simizu/Menu/Result/ResultTime.cs
  artifactKey: Guid(1cd01c4b916247245b2f788ec491cf4e) Importer(815301076,1909f56bfc062723c751e8b465ee728b)
Start importing Assets/Scripts/Simizu/Menu/Result/ResultTime.cs using Guid(1cd01c4b916247245b2f788ec491cf4e) Importer(815301076,1909f56bfc062723c751e8b465ee728b)  -> (artifact id: 'af1edea33091c487d33dcb84faf82bda') in 0.003284 seconds
  Import took 0.005662 seconds .

========================================================================
Received Import Request.
  Time since last request: 0.000154 seconds.
  path: Assets/Scripts/Simizu/Menu/Result/ResultTime.cs
  artifactKey: Guid(1cd01c4b916247245b2f788ec491cf4e) Importer(815301076,1909f56bfc062723c751e8b465ee728b)
Start importing Assets/Scripts/Simizu/Menu/Result/ResultTime.cs using Guid(1cd01c4b916247245b2f788ec491cf4e) Importer(815301076,1909f56bfc062723c751e8b465ee728b)  -> (artifact id: 'af1edea33091c487d33dcb84faf82bda') in 0.002390 seconds
  Import took 0.004486 seconds .

========================================================================
Received Prepare
Registering precompiled user dll's ...
Registered in 0.002896 seconds.
Begin MonoManager ReloadAssembly
Native extension for WindowsStandalone target not found
Refreshing native plugins compatible for Editor in 0.35 ms, found 2 plugins.
Preloading 0 native plugins for Editor in 0.00 ms.
Invoked RoslynAnalysisRunner static constructor.
RoslynAnalysisRunner will not be running.
RoslynAnalysisRunner has terminated.
Mono: successfully reloaded assembly
- Completed reload, in  0.639 seconds
Platform modules already initialized, skipping
Refreshing native plugins compatible for Editor in 0.34 ms, found 2 plugins.
Preloading 0 native plugins for Editor in 0.00 ms.
Unloading 2020 Unused Serialized files (Serialized files now loaded: 0)
System memory in use before: 91.4 MB.
System memory in use after: 91.6 MB.

Unloading 11 unused Assets to reduce memory usage. Loaded Objects now: 2483.
Total: 1.414800 ms (FindLiveObjects: 0.150200 ms CreateObjectMapping: 0.059600 ms MarkObjects: 1.194100 ms  DeleteObjects: 0.010200 ms)

========================================================================
Received Prepare
Registering precompiled user dll's ...
Registered in 0.002943 seconds.
Begin MonoManager ReloadAssembly
Native extension for WindowsStandalone target not found
Refreshing native plugins compatible for Editor in 0.34 ms, found 2 plugins.
Preloading 0 native plugins for Editor in 0.00 ms.
Invoked RoslynAnalysisRunner static constructor.
RoslynAnalysisRunner will not be running.
RoslynAnalysisRunner has terminated.
Mono: successfully reloaded assembly
- Completed reload, in  0.639 seconds
Platform modules already initialized, skipping
Refreshing native plugins compatible for Editor in 0.35 ms, found 2 plugins.
Preloading 0 native plugins for Editor in 0.00 ms.
Unloading 2020 Unused Serialized files (Serialized files now loaded: 0)
System memory in use before: 91.5 MB.
System memory in use after: 91.6 MB.

Unloading 11 unused Assets to reduce memory usage. Loaded Objects now: 2486.
Total: 1.484600 ms (FindLiveObjects: 0.176700 ms CreateObjectMapping: 0.066700 ms MarkObjects: 1.229700 ms  DeleteObjects: 0.010800 ms)

========================================================================
Received Import Request.
  Time since last request: 129.173064 seconds.
  path: Assets/Scripts/Simizu/Menu/Result/Result.cs
  artifactKey: Guid(8835b7e71011a8044bd48540956a4d91) Importer(815301076,1909f56bfc062723c751e8b465ee728b)
Start importing Assets/Scripts/Simizu/Menu/Result/Result.cs using Guid(8835b7e71011a8044bd48540956a4d91) Importer(815301076,1909f56bfc062723c751e8b465ee728b)  -> (artifact id: '191530a916923acf1956c9d22c11d096') in 0.005260 seconds
  Import took 0.007770 seconds .

========================================================================
Received Prepare
Registering precompiled user dll's ...
Registered in 0.002439 seconds.
Begin MonoManager ReloadAssembly
Native extension for WindowsStandalone target not found
Refreshing native plugins compatible for Editor in 0.34 ms, found 2 plugins.
Preloading 0 native plugins for Editor in 0.00 ms.
Invoked RoslynAnalysisRunner static constructor.
RoslynAnalysisRunner will not be running.
RoslynAnalysisRunner has terminated.
Mono: successfully reloaded assembly
- Completed reload, in  0.646 seconds
Platform modules already initialized, skipping
Refreshing native plugins compatible for Editor in 0.32 ms, found 2 plugins.
Preloading 0 native plugins for Editor in 0.00 ms.
Unloading 2021 Unused Serialized files (Serialized files now loaded: 0)
System memory in use before: 91.5 MB.
System memory in use after: 91.6 MB.

Unloading 11 unused Assets to reduce memory usage. Loaded Objects now: 2490.
Total: 1.508800 ms (FindLiveObjects: 0.150700 ms CreateObjectMapping: 0.058600 ms MarkObjects: 1.288700 ms  DeleteObjects: 0.010100 ms)

========================================================================
Received Import Request.
  Time since last request: 77.329522 seconds.
  path: Assets/Scripts/Simizu/Menu/Result/ResultTotal.cs
  artifactKey: Guid(8835b7e71011a8044bd48540956a4d91) Importer(815301076,1909f56bfc062723c751e8b465ee728b)
Start importing Assets/Scripts/Simizu/Menu/Result/ResultTotal.cs using Guid(8835b7e71011a8044bd48540956a4d91) Importer(815301076,1909f56bfc062723c751e8b465ee728b)  -> (artifact id: '8ee8040af4067ffdb4d609607a78b48e') in 0.005004 seconds
  Import took 0.007651 seconds .

========================================================================
Received Import Request.
  Time since last request: 0.001170 seconds.
  path: Assets/Scripts/Simizu/Menu/Result/ResultTotal.cs
  artifactKey: Guid(8835b7e71011a8044bd48540956a4d91) Importer(815301076,1909f56bfc062723c751e8b465ee728b)
Start importing Assets/Scripts/Simizu/Menu/Result/ResultTotal.cs using Guid(8835b7e71011a8044bd48540956a4d91) Importer(815301076,1909f56bfc062723c751e8b465ee728b)  -> (artifact id: '8ee8040af4067ffdb4d609607a78b48e') in 0.003113 seconds
  Import took 0.005557 seconds .

========================================================================
Received Prepare
Registering precompiled user dll's ...
Registered in 0.002568 seconds.
Begin MonoManager ReloadAssembly
Native extension for WindowsStandalone target not found
Refreshing native plugins compatible for Editor in 0.35 ms, found 2 plugins.
Preloading 0 native plugins for Editor in 0.00 ms.
Invoked RoslynAnalysisRunner static constructor.
RoslynAnalysisRunner will not be running.
RoslynAnalysisRunner has terminated.
Mono: successfully reloaded assembly
- Completed reload, in  0.629 seconds
Platform modules already initialized, skipping
Refreshing native plugins compatible for Editor in 0.34 ms, found 2 plugins.
Preloading 0 native plugins for Editor in 0.00 ms.
Unloading 2022 Unused Serialized files (Serialized files now loaded: 0)
System memory in use before: 91.5 MB.
System memory in use after: 91.7 MB.

Unloading 11 unused Assets to reduce memory usage. Loaded Objects now: 2494.
Total: 1.718700 ms (FindLiveObjects: 0.236300 ms CreateObjectMapping: 0.094500 ms MarkObjects: 1.375900 ms  DeleteObjects: 0.011400 ms)

========================================================================
Received Import Request.
  Time since last request: 52.034306 seconds.
  path: Assets/Scripts/Simizu/Menu/Result/Result.cs
  artifactKey: Guid(f6ed226f9f82e6845a1de30dee4eccdc) Importer(815301076,1909f56bfc062723c751e8b465ee728b)
Start importing Assets/Scripts/Simizu/Menu/Result/Result.cs using Guid(f6ed226f9f82e6845a1de30dee4eccdc) Importer(815301076,1909f56bfc062723c751e8b465ee728b)  -> (artifact id: '0b12cc79479624ceda5c08cba0ed6a80') in 0.005088 seconds
  Import took 0.007693 seconds .

========================================================================
Received Prepare
Registering precompiled user dll's ...
Registered in 0.002998 seconds.
Begin MonoManager ReloadAssembly
Native extension for WindowsStandalone target not found
Refreshing native plugins compatible for Editor in 0.37 ms, found 2 plugins.
Preloading 0 native plugins for Editor in 0.00 ms.
Invoked RoslynAnalysisRunner static constructor.
RoslynAnalysisRunner will not be running.
RoslynAnalysisRunner has terminated.
Mono: successfully reloaded assembly
- Completed reload, in  0.646 seconds
Platform modules already initialized, skipping
Refreshing native plugins compatible for Editor in 0.34 ms, found 2 plugins.
Preloading 0 native plugins for Editor in 0.00 ms.
Unloading 2021 Unused Serialized files (Serialized files now loaded: 0)
System memory in use before: 91.5 MB.
System memory in use after: 91.6 MB.

Unloading 12 unused Assets to reduce memory usage. Loaded Objects now: 2496.
Total: 1.529900 ms (FindLiveObjects: 0.170600 ms CreateObjectMapping: 0.073700 ms MarkObjects: 1.272500 ms  DeleteObjects: 0.012400 ms)

========================================================================
Received Import Request.
  Time since last request: 311.613741 seconds.
  path: Assets/Scripts/Simizu/Menu/Result/ResultTotal.cs
  artifactKey: Guid(8835b7e71011a8044bd48540956a4d91) Importer(815301076,1909f56bfc062723c751e8b465ee728b)
Start importing Assets/Scripts/Simizu/Menu/Result/ResultTotal.cs using Guid(8835b7e71011a8044bd48540956a4d91) Importer(815301076,1909f56bfc062723c751e8b465ee728b)  -> (artifact id: 'bb7952a1632bd9bdc4360ed1cd53c7de') in 0.005916 seconds
  Import took 0.008595 seconds .

========================================================================
Received Import Request.
  Time since last request: 0.066007 seconds.
  path: Assets/Scripts/Simizu/Menu/Result/ResultTotal.cs
  artifactKey: Guid(8835b7e71011a8044bd48540956a4d91) Importer(815301076,1909f56bfc062723c751e8b465ee728b)
Start importing Assets/Scripts/Simizu/Menu/Result/ResultTotal.cs using Guid(8835b7e71011a8044bd48540956a4d91) Importer(815301076,1909f56bfc062723c751e8b465ee728b)  -> (artifact id: 'bb7952a1632bd9bdc4360ed1cd53c7de') in 0.002950 seconds
  Import took 0.005385 seconds .

========================================================================
Received Prepare
Registering precompiled user dll's ...
Registered in 0.002753 seconds.
Begin MonoManager ReloadAssembly
Native extension for WindowsStandalone target not found
Refreshing native plugins compatible for Editor in 0.36 ms, found 2 plugins.
Preloading 0 native plugins for Editor in 0.00 ms.
Invoked RoslynAnalysisRunner static constructor.
RoslynAnalysisRunner will not be running.
RoslynAnalysisRunner has terminated.
Mono: successfully reloaded assembly
- Completed reload, in  0.626 seconds
Platform modules already initialized, skipping
Refreshing native plugins compatible for Editor in 0.35 ms, found 2 plugins.
Preloading 0 native plugins for Editor in 0.00 ms.
Unloading 2021 Unused Serialized files (Serialized files now loaded: 0)
System memory in use before: 91.5 MB.
System memory in use after: 91.6 MB.

Unloading 11 unused Assets to reduce memory usage. Loaded Objects now: 2499.
Total: 1.648800 ms (FindLiveObjects: 0.184900 ms CreateObjectMapping: 0.079300 ms MarkObjects: 1.372900 ms  DeleteObjects: 0.011300 ms)

========================================================================
Received Import Request.
  Time since last request: 578.577970 seconds.
  path: Assets/Scripts/Simizu/Menu/Result/ResultTotal.cs
  artifactKey: Guid(8835b7e71011a8044bd48540956a4d91) Importer(815301076,1909f56bfc062723c751e8b465ee728b)
Start importing Assets/Scripts/Simizu/Menu/Result/ResultTotal.cs using Guid(8835b7e71011a8044bd48540956a4d91) Importer(815301076,1909f56bfc062723c751e8b465ee728b)  -> (artifact id: '1a372693348b01711ceca0161b868a48') in 0.005666 seconds
  Import took 0.008543 seconds .

========================================================================
Received Import Request.
  Time since last request: 0.070640 seconds.
  path: Assets/Scripts/Simizu/Menu/Result/ResultTotal.cs
  artifactKey: Guid(8835b7e71011a8044bd48540956a4d91) Importer(815301076,1909f56bfc062723c751e8b465ee728b)
Start importing Assets/Scripts/Simizu/Menu/Result/ResultTotal.cs using Guid(8835b7e71011a8044bd48540956a4d91) Importer(815301076,1909f56bfc062723c751e8b465ee728b)  -> (artifact id: '1a372693348b01711ceca0161b868a48') in 0.002243 seconds
  Import took 0.004588 seconds .

========================================================================
Received Import Request.
  Time since last request: 176.978636 seconds.
  path: Assets/Scripts/Simizu/Menu/Result/ResultTotal.cs
  artifactKey: Guid(8835b7e71011a8044bd48540956a4d91) Importer(815301076,1909f56bfc062723c751e8b465ee728b)
Start importing Assets/Scripts/Simizu/Menu/Result/ResultTotal.cs using Guid(8835b7e71011a8044bd48540956a4d91) Importer(815301076,1909f56bfc062723c751e8b465ee728b)  -> (artifact id: '79f83934d3e995dd2ac0da3add3e31fc') in 0.002637 seconds
  Import took 0.005278 seconds .

========================================================================
Received Prepare
Registering precompiled user dll's ...
Registered in 0.002199 seconds.
Begin MonoManager ReloadAssembly
Native extension for WindowsStandalone target not found
Refreshing native plugins compatible for Editor in 0.35 ms, found 2 plugins.
Preloading 0 native plugins for Editor in 0.00 ms.
Invoked RoslynAnalysisRunner static constructor.
RoslynAnalysisRunner will not be running.
RoslynAnalysisRunner has terminated.
Mono: successfully reloaded assembly
- Completed reload, in  0.625 seconds
Platform modules already initialized, skipping
Refreshing native plugins compatible for Editor in 0.35 ms, found 2 plugins.
Preloading 0 native plugins for Editor in 0.00 ms.
Unloading 2021 Unused Serialized files (Serialized files now loaded: 0)
System memory in use before: 91.5 MB.
System memory in use after: 91.7 MB.

Unloading 11 unused Assets to reduce memory usage. Loaded Objects now: 2502.
Total: 1.484400 ms (FindLiveObjects: 0.178600 ms CreateObjectMapping: 0.070500 ms MarkObjects: 1.223300 ms  DeleteObjects: 0.011500 ms)

========================================================================
Received Import Request.
  Time since last request: 42.632055 seconds.
  path: Assets/Scripts/Simizu/Menu/Result/ResultTotal.cs
  artifactKey: Guid(8835b7e71011a8044bd48540956a4d91) Importer(815301076,1909f56bfc062723c751e8b465ee728b)
Start importing Assets/Scripts/Simizu/Menu/Result/ResultTotal.cs using Guid(8835b7e71011a8044bd48540956a4d91) Importer(815301076,1909f56bfc062723c751e8b465ee728b)  -> (artifact id: 'cb24d7bb2225c68339aa2dc3d819d426') in 0.005184 seconds
  Import took 0.007718 seconds .

========================================================================
Received Import Request.
  Time since last request: 0.059900 seconds.
  path: Assets/Scripts/Simizu/Menu/Result/ResultTotal.cs
  artifactKey: Guid(8835b7e71011a8044bd48540956a4d91) Importer(815301076,1909f56bfc062723c751e8b465ee728b)
Start importing Assets/Scripts/Simizu/Menu/Result/ResultTotal.cs using Guid(8835b7e71011a8044bd48540956a4d91) Importer(815301076,1909f56bfc062723c751e8b465ee728b)  -> (artifact id: 'cb24d7bb2225c68339aa2dc3d819d426') in 0.003587 seconds
  Import took 0.006147 seconds .

========================================================================
Received Prepare
Registering precompiled user dll's ...
Registered in 0.002603 seconds.
Begin MonoManager ReloadAssembly
Native extension for WindowsStandalone target not found
Refreshing native plugins compatible for Editor in 0.35 ms, found 2 plugins.
Preloading 0 native plugins for Editor in 0.00 ms.
Invoked RoslynAnalysisRunner static constructor.
RoslynAnalysisRunner will not be running.
RoslynAnalysisRunner has terminated.
Mono: successfully reloaded assembly
- Completed reload, in  0.626 seconds
Platform modules already initialized, skipping
Refreshing native plugins compatible for Editor in 0.35 ms, found 2 plugins.
Preloading 0 native plugins for Editor in 0.00 ms.
Unloading 2021 Unused Serialized files (Serialized files now loaded: 0)
System memory in use before: 91.5 MB.
System memory in use after: 91.7 MB.

Unloading 11 unused Assets to reduce memory usage. Loaded Objects now: 2505.
Total: 1.477000 ms (FindLiveObjects: 0.158200 ms CreateObjectMapping: 0.061100 ms MarkObjects: 1.246100 ms  DeleteObjects: 0.011000 ms)

========================================================================
Received Import Request.
  Time since last request: 332.014613 seconds.
  path: Assets/Scripts/Simizu/Menu/Result/Result.cs
  artifactKey: Guid(f6ed226f9f82e6845a1de30dee4eccdc) Importer(815301076,1909f56bfc062723c751e8b465ee728b)
Start importing Assets/Scripts/Simizu/Menu/Result/Result.cs using Guid(f6ed226f9f82e6845a1de30dee4eccdc) Importer(815301076,1909f56bfc062723c751e8b465ee728b)  -> (artifact id: 'edc139715fb626db6f7b6a881721fcb6') in 0.005384 seconds
  Import took 0.007928 seconds .

========================================================================
Received Prepare
Registering precompiled user dll's ...
Registered in 0.002597 seconds.
Begin MonoManager ReloadAssembly
Native extension for WindowsStandalone target not found
Refreshing native plugins compatible for Editor in 0.34 ms, found 2 plugins.
Preloading 0 native plugins for Editor in 0.00 ms.
Invoked RoslynAnalysisRunner static constructor.
RoslynAnalysisRunner will not be running.
RoslynAnalysisRunner has terminated.
Mono: successfully reloaded assembly
- Completed reload, in  0.632 seconds
Platform modules already initialized, skipping
Refreshing native plugins compatible for Editor in 0.35 ms, found 2 plugins.
Preloading 0 native plugins for Editor in 0.00 ms.
Unloading 2022 Unused Serialized files (Serialized files now loaded: 0)
System memory in use before: 91.6 MB.
System memory in use after: 91.7 MB.

Unloading 11 unused Assets to reduce memory usage. Loaded Objects now: 2509.
Total: 1.418600 ms (FindLiveObjects: 0.160600 ms CreateObjectMapping: 0.060900 ms MarkObjects: 1.185200 ms  DeleteObjects: 0.011400 ms)

========================================================================
Received Prepare
Registering precompiled user dll's ...
Registered in 0.002344 seconds.
Begin MonoManager ReloadAssembly
Native extension for WindowsStandalone target not found
Refreshing native plugins compatible for Editor in 0.35 ms, found 2 plugins.
Preloading 0 native plugins for Editor in 0.00 ms.
Invoked RoslynAnalysisRunner static constructor.
RoslynAnalysisRunner will not be running.
RoslynAnalysisRunner has terminated.
Mono: successfully reloaded assembly
- Completed reload, in  0.634 seconds
Platform modules already initialized, skipping
Refreshing native plugins compatible for Editor in 0.35 ms, found 2 plugins.
Preloading 0 native plugins for Editor in 0.00 ms.
Unloading 2021 Unused Serialized files (Serialized files now loaded: 0)
System memory in use before: 91.6 MB.
System memory in use after: 91.7 MB.

Unloading 12 unused Assets to reduce memory usage. Loaded Objects now: 2511.
Total: 1.636700 ms (FindLiveObjects: 0.211700 ms CreateObjectMapping: 0.079500 ms MarkObjects: 1.331100 ms  DeleteObjects: 0.013500 ms)

========================================================================
Received Prepare
Registering precompiled user dll's ...
Registered in 0.002302 seconds.
Begin MonoManager ReloadAssembly
Native extension for WindowsStandalone target not found
Refreshing native plugins compatible for Editor in 0.40 ms, found 2 plugins.
Preloading 0 native plugins for Editor in 0.00 ms.
Invoked RoslynAnalysisRunner static constructor.
RoslynAnalysisRunner will not be running.
RoslynAnalysisRunner has terminated.
Mono: successfully reloaded assembly
- Completed reload, in  0.628 seconds
Platform modules already initialized, skipping
Refreshing native plugins compatible for Editor in 0.38 ms, found 2 plugins.
Preloading 0 native plugins for Editor in 0.00 ms.
Unloading 2021 Unused Serialized files (Serialized files now loaded: 0)
System memory in use before: 91.6 MB.
System memory in use after: 91.7 MB.

Unloading 11 unused Assets to reduce memory usage. Loaded Objects now: 2514.
Total: 1.589700 ms (FindLiveObjects: 0.162900 ms CreateObjectMapping: 0.065500 ms MarkObjects: 1.349000 ms  DeleteObjects: 0.011700 ms)

========================================================================
Received Prepare
Registering precompiled user dll's ...
Registered in 0.002506 seconds.
Begin MonoManager ReloadAssembly
Native extension for WindowsStandalone target not found
Refreshing native plugins compatible for Editor in 0.37 ms, found 2 plugins.
Preloading 0 native plugins for Editor in 0.00 ms.
Invoked RoslynAnalysisRunner static constructor.
RoslynAnalysisRunner will not be running.
RoslynAnalysisRunner has terminated.
Mono: successfully reloaded assembly
- Completed reload, in  0.632 seconds
Platform modules already initialized, skipping
Refreshing native plugins compatible for Editor in 0.33 ms, found 2 plugins.
Preloading 0 native plugins for Editor in 0.00 ms.
Unloading 2021 Unused Serialized files (Serialized files now loaded: 0)
System memory in use before: 91.6 MB.
System memory in use after: 91.7 MB.

Unloading 11 unused Assets to reduce memory usage. Loaded Objects now: 2517.
Total: 1.549300 ms (FindLiveObjects: 0.218600 ms CreateObjectMapping: 0.087100 ms MarkObjects: 1.231000 ms  DeleteObjects: 0.011600 ms)

========================================================================
Received Prepare
Registering precompiled user dll's ...
Registered in 0.001935 seconds.
Begin MonoManager ReloadAssembly
Native extension for WindowsStandalone target not found
Refreshing native plugins compatible for Editor in 0.35 ms, found 2 plugins.
Preloading 0 native plugins for Editor in 0.00 ms.
Invoked RoslynAnalysisRunner static constructor.
RoslynAnalysisRunner will not be running.
RoslynAnalysisRunner has terminated.
Mono: successfully reloaded assembly
- Completed reload, in  0.616 seconds
Platform modules already initialized, skipping
Refreshing native plugins compatible for Editor in 0.34 ms, found 2 plugins.
Preloading 0 native plugins for Editor in 0.00 ms.
Unloading 2021 Unused Serialized files (Serialized files now loaded: 0)
System memory in use before: 91.6 MB.
System memory in use after: 91.7 MB.

Unloading 11 unused Assets to reduce memory usage. Loaded Objects now: 2520.
Total: 1.387600 ms (FindLiveObjects: 0.151100 ms CreateObjectMapping: 0.055600 ms MarkObjects: 1.169300 ms  DeleteObjects: 0.011000 ms)

========================================================================
Received Prepare
Registering precompiled user dll's ...
Registered in 0.002289 seconds.
Begin MonoManager ReloadAssembly
Native extension for WindowsStandalone target not found
Refreshing native plugins compatible for Editor in 0.36 ms, found 2 plugins.
Preloading 0 native plugins for Editor in 0.00 ms.
Invoked RoslynAnalysisRunner static constructor.
RoslynAnalysisRunner will not be running.
RoslynAnalysisRunner has terminated.
Mono: successfully reloaded assembly
- Completed reload, in  0.632 seconds
Platform modules already initialized, skipping
Refreshing native plugins compatible for Editor in 0.33 ms, found 2 plugins.
Preloading 0 native plugins for Editor in 0.00 ms.
Unloading 2021 Unused Serialized files (Serialized files now loaded: 0)
System memory in use before: 91.6 MB.
System memory in use after: 91.7 MB.

Unloading 11 unused Assets to reduce memory usage. Loaded Objects now: 2523.
Total: 1.484600 ms (FindLiveObjects: 0.168100 ms CreateObjectMapping: 0.064200 ms MarkObjects: 1.240700 ms  DeleteObjects: 0.011000 ms)

AssetImportWorkerClient::OnTransportError - code=2 error=End of file
